<?xml version="1.0" encoding="UTF-8"?>
<!-- Generated by org.testng.reporters.JUnitReportReporter -->
<testsuite hostname="Raryan" failures="0" tests="2" name="Demo.AppiumFramework.TestHybridApp" time="60.748" errors="0" timestamp="2023-05-17T16:57:49 IST" skipped="1">
  <testcase classname="Demo.AppiumFramework.TestHybridApp" name="test3" time="60.748"/>
  <system-out/>
  <testcase classname="Demo.AppiumFramework.TestHybridApp" name="tc1">
    <skipped/>
  </testcase> <!-- tc1 -->
  <system-out/>
</testsuite> <!-- Demo.AppiumFramework.TestHybridApp -->
